0 verbose cli D:\CarpetaProtegida\CPO-1\PROGRAMAS\Node\node.exe C:\Users\user\AppData\Roaming\npm\node_modules\npm\bin\npm-cli.js
1 info using npm@10.9.0
2 info using node@v20.16.0
3 silly config load:file:C:\Users\user\AppData\Roaming\npm\node_modules\npm\npmrc
4 silly config load:file:D:\PruebasJava\PROYECTOS\Skilling_Frontend\.npmrc
5 silly config load:file:C:\Users\user\.npmrc
6 silly config load:file:C:\Users\user\AppData\Roaming\npm\etc\npmrc
7 verbose title npm install
8 verbose argv "install" "--cache" "--force"
9 verbose logfile logs-max:10 dir:D:\PruebasJava\PROYECTOS\Skilling_Frontend\--force\_logs\2025-01-24T14_31_52_974Z-
10 verbose logfile D:\PruebasJava\PROYECTOS\Skilling_Frontend\--force\_logs\2025-01-24T14_31_52_974Z-debug-0.log
11 silly logfile done cleaning log files
12 silly packumentCache heap:4345298944 maxSize:1086324736 maxEntrySize:543162368
13 silly idealTree buildDeps
14 silly fetch manifest tailwindcss@^2.0.0 || ^3.0.0
15 silly packumentCache full:https://registry.npmjs.org/tailwindcss cache-miss
16 http fetch GET 200 https://registry.npmjs.org/npm 674ms
17 http fetch GET 200 https://registry.npmjs.org/tailwindcss 537ms (cache miss)
18 silly packumentCache full:https://registry.npmjs.org/tailwindcss set size:undefined disposed:false
19 verbose stack Error: could not resolve
19 verbose stack     at PlaceDep.failPeerConflict (C:\Users\user\AppData\Roaming\npm\node_modules\npm\node_modules\@npmcli\arborist\lib\place-dep.js:503:25)
19 verbose stack     at new PlaceDep (C:\Users\user\AppData\Roaming\npm\node_modules\npm\node_modules\@npmcli\arborist\lib\place-dep.js:157:21)
19 verbose stack     at #buildDepStep (C:\Users\user\AppData\Roaming\npm\node_modules\npm\node_modules\@npmcli\arborist\lib\arborist\build-ideal-tree.js:920:18)
19 verbose stack     at async Arborist.buildIdealTree (C:\Users\user\AppData\Roaming\npm\node_modules\npm\node_modules\@npmcli\arborist\lib\arborist\build-ideal-tree.js:181:7)
19 verbose stack     at async Promise.all (index 1)
19 verbose stack     at async Arborist.reify (C:\Users\user\AppData\Roaming\npm\node_modules\npm\node_modules\@npmcli\arborist\lib\arborist\reify.js:131:5)
19 verbose stack     at async Install.exec (C:\Users\user\AppData\Roaming\npm\node_modules\npm\lib\commands\install.js:150:5)
19 verbose stack     at async Npm.exec (C:\Users\user\AppData\Roaming\npm\node_modules\npm\lib\npm.js:207:9)
19 verbose stack     at async module.exports (C:\Users\user\AppData\Roaming\npm\node_modules\npm\lib\cli\entry.js:74:5)
20 error code ERESOLVE
21 error ERESOLVE could not resolve
22 error
23 error While resolving: @angular-devkit/build-angular@19.1.3
23 error Found: tailwindcss@4.0.0[2m[22m
23 error [2mnode_modules/tailwindcss[22m
23 error   tailwindcss@"4.0.0" from @tailwindcss/node@4.0.0[2m[22m
23 error   [2mnode_modules/@tailwindcss/node[22m
23 error     @tailwindcss/node@"^4.0.0" from @tailwindcss/postcss@4.0.0[2m[22m
23 error     [2mnode_modules/@tailwindcss/postcss[22m
23 error       [34mdev[39m @tailwindcss/postcss@"^4.0.0" from the root project
23 error   tailwindcss@"4.0.0" from @tailwindcss/postcss@4.0.0[2m[22m
23 error   [2mnode_modules/@tailwindcss/postcss[22m
23 error     [34mdev[39m @tailwindcss/postcss@"^4.0.0" from the root project
23 error   1 more (the root project)
23 error
23 error Could not resolve dependency:
23 error peerOptional tailwindcss@"^2.0.0 || ^3.0.0" from @angular-devkit/build-angular@19.1.3[2m[22m
23 error [2mnode_modules/@angular-devkit/build-angular[22m
23 error   [34mdev[39m @angular-devkit/build-angular@"^19.1.3" from the root project
23 error
23 error Conflicting peer dependency: tailwindcss@3.4.17[2m[22m
23 error [2mnode_modules/tailwindcss[22m
23 error   peerOptional tailwindcss@"^2.0.0 || ^3.0.0" from @angular-devkit/build-angular@19.1.3[2m[22m
23 error   [2mnode_modules/@angular-devkit/build-angular[22m
23 error     [34mdev[39m @angular-devkit/build-angular@"^19.1.3" from the root project
23 error
23 error Fix the upstream dependency conflict, or retry
23 error this command with --force or --legacy-peer-deps
23 error to accept an incorrect (and potentially broken) dependency resolution.
24 error
24 error
24 error For a full report see:
24 error D:\PruebasJava\PROYECTOS\Skilling_Frontend\--force\_logs\2025-01-24T14_31_52_974Z-eresolve-report.txt
25 silly unfinished npm timer reify 1737729113481
26 silly unfinished npm timer reify:loadTrees 1737729113482
27 silly unfinished npm timer idealTree:buildDeps 1737729113785
28 silly unfinished npm timer idealTree:node_modules/@angular-devkit/build-angular 1737729113786
29 verbose cwd D:\PruebasJava\PROYECTOS\Skilling_Frontend
30 verbose os Windows_NT 10.0.19045
31 verbose node v20.16.0
32 verbose npm  v10.9.0
33 notice
33 notice New [31mmajor[39m version of npm available! [31m10.9.0[39m -> [34m11.0.0[39m
33 notice Changelog: [34mhttps://github.com/npm/cli/releases/tag/v11.0.0[39m
33 notice To update run: [4mnpm install -g npm@11.0.0[24m
33 notice  { force: true, [Symbol(proc-log.meta)]: true }
34 verbose exit 1
35 verbose code 1
36 error A complete log of this run can be found in: D:\PruebasJava\PROYECTOS\Skilling_Frontend\--force\_logs\2025-01-24T14_31_52_974Z-debug-0.log
